[debug] [2022-08-04T10:14:33.969Z] ----------------------------------------------------------------------
[debug] [2022-08-04T10:14:33.974Z] Command:       /usr/bin/node /usr/local/bin/firebase init
[debug] [2022-08-04T10:14:33.976Z] CLI Version:   11.4.2
[debug] [2022-08-04T10:14:33.976Z] Platform:      linux
[debug] [2022-08-04T10:14:33.977Z] Node Version:  v16.15.1
[debug] [2022-08-04T10:14:33.977Z] Time:          Thu Aug 04 2022 13:14:33 GMT+0300 (East Africa Time)
[debug] [2022-08-04T10:14:33.978Z] ----------------------------------------------------------------------
[debug] 
[debug] [2022-08-04T10:14:34.076Z] > command requires scopes: ["email","openid","https://www.googleapis.com/auth/cloudplatformprojects.readonly","https://www.googleapis.com/auth/firebase","https://www.googleapis.com/auth/cloud-platform"]
[debug] [2022-08-04T10:14:34.076Z] > authorizing via signed-in user (joelwaks46@gmail.com)
[info] 
     ######## #### ########  ######## ########     ###     ######  ########
     ##        ##  ##     ## ##       ##     ##  ##   ##  ##       ##
     ######    ##  ########  ######   ########  #########  ######  ######
     ##        ##  ##    ##  ##       ##     ## ##     ##       ## ##
     ##       #### ##     ## ######## ########  ##     ##  ######  ########

You're about to initialize a Firebase project in this directory:

  /home/anonymous/Desktop/bonwaks-Company-Website

Before we get started, keep in mind:

  * You are initializing within an existing Firebase project directory

[info] 
=== Project Setup
[info] 
[info] First, let's associate this project directory with a Firebase project.
[info] You can create multiple project aliases by running firebase use --add, 
[info] but for now we'll just set up a default project.
[info] 
[debug] [2022-08-04T10:14:43.713Z] Using project from CLI flag: bonwaks-e0d28
[debug] [2022-08-04T10:14:43.717Z] >>> [apiv2][query] GET https://firebase.googleapis.com/v1beta1/projects/bonwaks-e0d28 [none]
[debug] [2022-08-04T10:14:47.486Z] <<< [apiv2][status] GET https://firebase.googleapis.com/v1beta1/projects/bonwaks-e0d28 200
[debug] [2022-08-04T10:14:47.486Z] <<< [apiv2][body] GET https://firebase.googleapis.com/v1beta1/projects/bonwaks-e0d28 {"projectId":"bonwaks-e0d28","projectNumber":"569093556002","displayName":"bonwaks","name":"projects/bonwaks-e0d28","resources":{"hostingSite":"bonwaks-e0d28"},"state":"ACTIVE","etag":"1_9de089e0-8be3-40bf-a7a0-e7420a77cbce"}
[info] i  Using project bonwaks-e0d28 (bonwaks) 
[info] 
=== Hosting Setup
[info] 
[info] Your public directory is the folder (relative to your project directory) that
[info] will contain Hosting assets to be uploaded with firebase deploy. If you
[info] have a build process for your assets, use your build's output directory.
[info] 
[info] i  Skipping write of public/404.html 
[debug] [2022-08-04T10:15:21.298Z] >>> [apiv2][query] GET https://www.gstatic.com/firebasejs/releases.json [none]
[debug] [2022-08-04T10:15:21.741Z] <<< [apiv2][status] GET https://www.gstatic.com/firebasejs/releases.json 200
[debug] [2022-08-04T10:15:21.741Z] <<< [apiv2][body] GET https://www.gstatic.com/firebasejs/releases.json {"current":{"version":"9.9.1","browserURL":"https://www.gstatic.com/firebasejs/9.9.1/firebase.js","packageURL":"https://www.gstatic.com/firebasejs/9.9.1/firebase.tgz"},"live":{"version":"9.9","browserURL":"https://www.gstatic.com/firebasejs/live/9.9/firebase.js","packageURL":"https://www.gstatic.com/firebasejs/live/9.9/firebase.tgz"},"components":{"analytics":"https://www.gstatic.com/firebasejs/9.9.1/firebase-analytics.js","app":"https://www.gstatic.com/firebasejs/9.9.1/firebase-app.js","app-check":"https://www.gstatic.com/firebasejs/9.9.1/firebase-app-check.js","auth":"https://www.gstatic.com/firebasejs/9.9.1/firebase-auth.js","auth/cordova":"https://www.gstatic.com/firebasejs/9.9.1/firebase-auth/cordova.js","auth/react-native":"https://www.gstatic.com/firebasejs/9.9.1/firebase-auth/react-native.js","functions":"https://www.gstatic.com/firebasejs/9.9.1/firebase-functions.js","firestore":"https://www.gstatic.com/firebasejs/9.9.1/firebase-firestore.js","firestore/lite":"https://www.gstatic.com/firebasejs/9.9.1/firebase-firestore/lite.js","installations":"https://www.gstatic.com/firebasejs/9.9.1/firebase-installations.js","storage":"https://www.gstatic.com/firebasejs/9.9.1/firebase-storage.js","performance":"https://www.gstatic.com/firebasejs/9.9.1/firebase-performance.js","remote-config":"https://www.gstatic.com/firebasejs/9.9.1/firebase-remote-config.js","messaging":"https://www.gstatic.com/firebasejs/9.9.1/firebase-messaging.js","messaging/sw":"https://www.gstatic.com/firebasejs/9.9.1/firebase-messaging/sw.js","database":"https://www.gstatic.com/firebasejs/9.9.1/firebase-database.js","firestore.memory":"https://www.gstatic.com/firebasejs/9.9.1/firebase-firestore.memory.js"}}
[info] i  Skipping write of public/index.html 
[info] 
[info] i  Detected a .git folder at /home/anonymous/Desktop/bonwaks-Company-Website 
[info] i  Authorizing with GitHub to upload your service account to a GitHub repository's secrets store. 
[info] 
[info] Visit this URL on this device to log in:
[info] https://github.com/login/oauth/authorize?client_id=89cf50f02ac6aaed3484&state=781662757&redirect_uri=http%3A%2F%2Flocalhost%3A9005&scope=read%3Auser%20repo%20public_repo
[info] 
[info] Waiting for authentication...
[debug] [2022-08-04T10:16:01.868Z] >>> [apiv2][query] POST https://github.com/login/oauth/access_token [none]
[debug] [2022-08-04T10:16:01.869Z] >>> [apiv2][body] POST https://github.com/login/oauth/access_token [stream]
[debug] [2022-08-04T10:16:02.904Z] <<< [apiv2][status] POST https://github.com/login/oauth/access_token 200
[debug] [2022-08-04T10:16:02.904Z] <<< [apiv2][body] POST https://github.com/login/oauth/access_token {"access_token":"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","token_type":"bearer","scope":"read:user,repo"}
[debug] [2022-08-04T10:16:02.928Z] >>> [apiv2][query] GET https://api.github.com/user [none]
[debug] [2022-08-04T10:16:04.391Z] <<< [apiv2][status] GET https://api.github.com/user 200
[debug] [2022-08-04T10:16:04.391Z] <<< [apiv2][body] GET https://api.github.com/user {"login":"wycliffemwimali","id":99508839,"node_id":"U_kgDOBe5iZw","avatar_url":"https://avatars.githubusercontent.com/u/99508839?v=4","gravatar_id":"","url":"https://api.github.com/users/wycliffemwimali","html_url":"https://github.com/wycliffemwimali","followers_url":"https://api.github.com/users/wycliffemwimali/followers","following_url":"https://api.github.com/users/wycliffemwimali/following{/other_user}","gists_url":"https://api.github.com/users/wycliffemwimali/gists{/gist_id}","starred_url":"https://api.github.com/users/wycliffemwimali/starred{/owner}{/repo}","subscriptions_url":"https://api.github.com/users/wycliffemwimali/subscriptions","organizations_url":"https://api.github.com/users/wycliffemwimali/orgs","repos_url":"https://api.github.com/users/wycliffemwimali/repos","events_url":"https://api.github.com/users/wycliffemwimali/events{/privacy}","received_events_url":"https://api.github.com/users/wycliffemwimali/received_events","type":"User","site_admin":false,"name":"WYCLIFFE_MWIMALI","company":null,"blog":"","location":"Kenya","email":null,"hireable":null,"bio":"Committed and Motivated Tech optimist.","twitter_username":"joelwaks","public_repos":13,"public_gists":0,"followers":8,"following":11,"created_at":"2022-02-11T20:16:44Z","updated_at":"2022-07-28T16:25:59Z","private_gists":0,"total_private_repos":0,"owned_private_repos":0,"disk_usage":509,"collaborators":0,"two_factor_authentication":false,"plan":{"name":"free","space":976562499,"collaborators":0,"private_repos":10000}}
[info] 
[info] ✔  Success! Logged into GitHub as wycliffemwimali 
[info] 
[debug] [2022-08-04T10:17:30.777Z] >>> [apiv2][query] GET https://api.github.com/repos/bonwaks/actions/secrets/public-key type=owner
[debug] [2022-08-04T10:17:36.431Z] <<< [apiv2][status] GET https://api.github.com/repos/bonwaks/actions/secrets/public-key 404
[debug] [2022-08-04T10:17:36.432Z] <<< [apiv2][body] GET https://api.github.com/repos/bonwaks/actions/secrets/public-key {"message":"Not Found","documentation_url":"https://docs.github.com/rest"}
[debug] [2022-08-04T10:17:55.699Z] >>> [apiv2][query] GET https://api.github.com/repos/bonwaks/actions/secrets/public-key type=owner
[debug] [2022-08-04T10:17:57.288Z] <<< [apiv2][status] GET https://api.github.com/repos/bonwaks/actions/secrets/public-key 404
[debug] [2022-08-04T10:17:57.288Z] <<< [apiv2][body] GET https://api.github.com/repos/bonwaks/actions/secrets/public-key {"message":"Not Found","documentation_url":"https://docs.github.com/rest"}
