[debug] [2022-08-03T19:45:30.049Z] ----------------------------------------------------------------------
[debug] [2022-08-03T19:45:30.052Z] Command:       /usr/bin/node /usr/local/bin/firebase init
[debug] [2022-08-03T19:45:30.053Z] CLI Version:   11.4.2
[debug] [2022-08-03T19:45:30.053Z] Platform:      linux
[debug] [2022-08-03T19:45:30.054Z] Node Version:  v16.15.1
[debug] [2022-08-03T19:45:30.054Z] Time:          Wed Aug 03 2022 22:45:30 GMT+0300 (East Africa Time)
[debug] [2022-08-03T19:45:30.055Z] ----------------------------------------------------------------------
[debug] 
[debug] [2022-08-03T19:45:30.064Z] > command requires scopes: ["email","openid","https://www.googleapis.com/auth/cloudplatformprojects.readonly","https://www.googleapis.com/auth/firebase","https://www.googleapis.com/auth/cloud-platform"]
[debug] [2022-08-03T19:45:30.065Z] > authorizing via signed-in user (joelwaks46@gmail.com)
[info] 
     ######## #### ########  ######## ########     ###     ######  ########
     ##        ##  ##     ## ##       ##     ##  ##   ##  ##       ##
     ######    ##  ########  ######   ########  #########  ######  ######
     ##        ##  ##    ##  ##       ##     ## ##     ##       ## ##
     ##       #### ##     ## ######## ########  ##     ##  ######  ########

You're about to initialize a Firebase project in this directory:

  /home/anonymous/Desktop/bonwaks-Company-Website

[info] 
=== Project Setup
[info] 
[info] First, let's associate this project directory with a Firebase project.
[info] You can create multiple project aliases by running firebase use --add, 
[info] but for now we'll just set up a default project.
[info] 
[debug] [2022-08-03T19:45:37.019Z] >>> [apiv2][query] GET https://firebase.googleapis.com/v1beta1/projects pageSize=100
[debug] [2022-08-03T19:45:38.027Z] <<< [apiv2][status] GET https://firebase.googleapis.com/v1beta1/projects 200
[debug] [2022-08-03T19:45:38.027Z] <<< [apiv2][body] GET https://firebase.googleapis.com/v1beta1/projects [omitted]
[info] i  Using project bonwaks-e0d28 (bonwaks) 
[info] 
=== Hosting Setup
[info] 
[info] Your public directory is the folder (relative to your project directory) that
[info] will contain Hosting assets to be uploaded with firebase deploy. If you
[info] have a build process for your assets, use your build's output directory.
[info] 
